#AUDIOSCROBBLER/1.1
#TZ/UNKNOWN
#CLIENT/Rockbox fiiom3k $Revision$
#ARTIST #ALBUM #TITLE #TRACKNUM #LENGTH #RATING #TIMESTAMP #MUSICBRAINZ_TRACKID
Alice Cooper	Raise Your Fist and Yell	Lock Me Up	2	200	L	1708285806	5b07f432-63c2-4d8d-8c48-b36d0124a39a
Alice Cooper	Raise Your Fist and Yell	Give the Radio Back	3	209	S	1708286006	84fd836d-c64d-4a79-a963-9cebd2d11c42
Alice Cooper	Raise Your Fist and Yell	Give the Radio Back	3	209	S	1708290730	84fd836d-c64d-4a79-a963-9cebd2d11c42
Alice Cooper	Raise Your Fist and Yell	Freedom	1	244	S	1708290732	6ba5d0fe-13f6-4025-b319-9d381277e1a3
Alice Cooper	Raise Your Fist and Yell	Lock Me Up	2	200	S	1708290769	5b07f432-63c2-4d8d-8c48-b36d0124a39a
Crash Test Dummies	God Shuffled His Feet	God Shuffled His Feet	1	310	L	1708290780	595af36f-9778-4cb3-b43d-9630051588b4
Crash Test Dummies	God Shuffled His Feet	Afternoons & Coffeespoons	2	236	L	1708291091	c82b1583-7170-4142-a974-59b395bf31ec
Crash Test Dummies	God Shuffled His Feet	Mmm Mmm Mmm Mmm	3	233	L	1708291327	103a8cfa-3d6e-4d01-88ac-011dca559328
Crash Test Dummies	God Shuffled His Feet	In the Days of the Caveman	4	222	L	1708291561	dd72ae1d-db35-4a25-b834-305a870e23de
Crash Test Dummies	God Shuffled His Feet	Swimming in Your Ocean	5	229	L	1708291783	e4669ed7-b8a1-4e82-87d4-9e5f60e7e4f9
Crash Test Dummies	God Shuffled His Feet	Here I Stand Before Me	6	186	L	1708292012	5d6b3810-25e1-45fd-aa53-0f9903d7cfd3
Crash Test Dummies	God Shuffled His Feet	I Think I’ll Disappear Now	7	292	L	1708292199	9363b1c5-d1a9-4b8b-8ac5-bb5488a3c129
Crash Test Dummies	God Shuffled His Feet	How Does a Duck Know?	8	222	L	1708292491	2f26361a-02a1-4ab5-a7fc-a75dc5fff96a
Crash Test Dummies	God Shuffled His Feet	When I Go Out With Artists	9	223	L	1708292713	11715b4b-d1fd-435b-9d44-95badfe8f4ec
Crash Test Dummies	God Shuffled His Feet	The Psychic	10	227	L	1708292937	2fe81332-ea91-47f1-a520-bf242a5f1eb2
Crash Test Dummies	God Shuffled His Feet	Two Knights and Maidens	11	204	L	1708293165	3274db42-378f-4d53-8c00-a2d964473524
Crash Test Dummies	God Shuffled His Feet	Untitled	12	103	L	1708293369	e3ec8542-fdf5-4349-9f6d-844f4bdf1561
Alice Cooper	Raise Your Fist and Yell	Freedom	1	244	L	1708324128	6ba5d0fe-13f6-4025-b319-9d381277e1a3
Alice Cooper	Raise Your Fist and Yell	Lock Me Up	2	200	L	1708324373	5b07f432-63c2-4d8d-8c48-b36d0124a39a
Alice Cooper	Raise Your Fist and Yell	Give the Radio Back	3	209	L	1708324573	84fd836d-c64d-4a79-a963-9cebd2d11c42
Alice Cooper	Raise Your Fist and Yell	Step on You	4	215	L	1708324783	f7304465-268f-4f50-9844-c09324026432
Alice Cooper	Raise Your Fist and Yell	Not That Kind of Love	5	187	L	1708324999	800ee284-f868-44c9-8ea7-ab11320060e4
Alice Cooper	Raise Your Fist and Yell	Prince of Darkness	6	304	L	1708325186	fc0e6c59-f14f-4480-bf76-712e7a4aaf1d
Alice Cooper	Raise Your Fist and Yell	Time to Kill	7	214	L	1708325490	c9fe6f1c-d7c5-4f3a-8b1c-a2183237cdd6
Alice Cooper	Raise Your Fist and Yell	Chop, Chop, Chop	8	184	L	1708325705	e3c13cce-3aea-44db-8d39-310b39b6a007
Alice Cooper	Raise Your Fist and Yell	Gail	9	145	L	1708325890	ff5a7291-0317-48a9-afd6-83d4b242ad1b
Alice Cooper	Raise Your Fist and Yell	Roses on White Lace	10	262	L	1708326035	2e2085ae-e448-4968-a156-89cac03e1bf0
Eric Fish & Friends	Alles im Fluss	Last und Lust	1	261	L	1708326941	e645e2ea-a2ca-4303-83b5-5883c7787657
Eric Fish & Friends	Alles im Fluss	Wird es sein?	2	316	L	1708327203	957d3bf5-59d4-42b5-b99c-c2283782e3df
